#
# There is insufficient memory for the Java Runtime Environment to continue.
# Native memory allocation (malloc) failed to allocate 1501536 bytes for Chunk::new
# Possible reasons:
#   The system is out of physical RAM or swap space
#   In 32 bit mode, the process size limit was hit
# Possible solutions:
#   Reduce memory load on the system
#   Increase physical memory or swap space
#   Check if swap backing store is full
#   Use 64 bit Java on a 64 bit OS
#   Decrease Java heap size (-Xmx/-Xms)
#   Decrease number of Java threads
#   Decrease Java thread stack sizes (-Xss)
#   Set larger code cache with -XX:ReservedCodeCacheSize=
# This output file may be truncated or incomplete.
#
#  Out of Memory Error (allocation.cpp:390), pid=1908, tid=11660
#
# JRE version: Java(TM) SE Runtime Environment (8.0_66-b18) (build 1.8.0_66-b18)
# Java VM: Java HotSpot(TM) 64-Bit Server VM (25.66-b18 mixed mode windows-amd64 compressed oops)
# Failed to write core dump. Minidumps are not enabled by default on client versions of Windows
#

---------------  T H R E A D  ---------------

Current thread (0x0000000017e46000):  JavaThread "C2 CompilerThread0" daemon [_thread_in_native, id=11660, stack(0x0000000018510000,0x0000000018610000)]

Stack: [0x0000000018510000,0x0000000018610000]
[error occurred during error reporting (printing stack bounds), id 0xc0000005]

Native frames: (J=compiled Java code, j=interpreted, Vv=VM code, C=native code)


Current CompileTask:
C2:   3242 1546 % !   4       org.elasticsearch.bootstrap.JarHell::checkJarHell @ 194 (412 bytes)


---------------  P R O C E S S  ---------------

Java Threads: ( => current thread )
  0x0000000017ed1000 JavaThread "Service Thread" daemon [_thread_blocked, id=8344, stack(0x0000000018810000,0x0000000018910000)]
  0x0000000017e59000 JavaThread "C1 CompilerThread2" daemon [_thread_blocked, id=2416, stack(0x0000000018710000,0x0000000018810000)]
  0x0000000017e48800 JavaThread "C2 CompilerThread1" daemon [_thread_blocked, id=13420, stack(0x0000000018610000,0x0000000018710000)]
=>0x0000000017e46000 JavaThread "C2 CompilerThread0" daemon [_thread_in_native, id=11660, stack(0x0000000018510000,0x0000000018610000)]
  0x0000000017e43000 JavaThread "Attach Listener" daemon [_thread_blocked, id=5628, stack(0x0000000018410000,0x0000000018510000)]
  0x0000000017e42000 JavaThread "Signal Dispatcher" daemon [_thread_blocked, id=12284, stack(0x0000000018310000,0x0000000018410000)]
  0x0000000017e41000 JavaThread "Surrogate Locker Thread (Concurrent GC)" daemon [_thread_blocked, id=6532, stack(0x0000000018210000,0x0000000018310000)]
  0x000000001720f800 JavaThread "Finalizer" daemon [_thread_blocked, id=6460, stack(0x0000000017c20000,0x0000000017d20000)]
  0x0000000017208800 JavaThread "Reference Handler" daemon [_thread_blocked, id=13840, stack(0x0000000017b20000,0x0000000017c20000)]
  0x0000000002b94000 JavaThread "main" [_thread_in_vm, id=12808, stack(0x00000000029c0000,0x0000000002ac0000)]

Other Threads:
  0x0000000017201800 VMThread [stack: 0x0000000017a20000,0x0000000017b20000] [id=8860]
  0x0000000017ee7800 WatcherThread [stack: 0x0000000018910000,0x0000000018a10000] [id=7684]

VM state:not at safepoint (normal execution)

VM Mutex/Monitor currently owned by a thread: None

Heap:
 par new generation   total 306688K, used 212701K [0x0000000080000000, 0x0000000094cc0000, 0x0000000094cc0000)
  eden space 272640K,  78% used [0x0000000080000000, 0x000000008cfb74a8, 0x0000000090a40000)
  from space 34048K,   0% used [0x0000000090a40000, 0x0000000090a40000, 0x0000000092b80000)
  to   space 34048K,   0% used [0x0000000092b80000, 0x0000000092b80000, 0x0000000094cc0000)
 concurrent mark-sweep generation total 1756416K, used 0K [0x0000000094cc0000, 0x0000000100000000, 0x0000000100000000)
 Metaspace       used 15844K, capacity 16164K, committed 16256K, reserved 1062912K
  class space    used 2033K, capacity 2153K, committed 2176K, reserved 1048576K

Card table byte_map: [0x0000000012450000,0x0000000012860000] byte_map_base: 0x0000000012050000

Marking Bits: (CMSBitMap*) 0x0000000002becaa8
 Bits: [0x0000000013010000, 0x0000000014add000)

Mod Union Table: (CMSBitMap*) 0x0000000002becb68
 Bits: [0x0000000002ac0000, 0x0000000002b2b340)

Polling page: 0x0000000000b50000

CodeCache: size=245760Kb used=5640Kb max_used=5660Kb free=240119Kb
 bounds [0x0000000002c90000, 0x0000000003220000, 0x0000000011c90000]
 total_blobs=2000 nmethods=1576 adapters=337
 compilation: enabled

Compilation events (10 events):
Event: 3.223 Thread 0x0000000017e59000 1572       3       java.util.ArrayList::subListRangeCheck (110 bytes)
Event: 3.224 Thread 0x0000000017e59000 nmethod 1572 0x0000000003206410 code [0x0000000003206740, 0x0000000003208068]
Event: 3.225 Thread 0x0000000017e59000 1573       3       java.util.ArrayList$SubList::<init> (46 bytes)
Event: 3.225 Thread 0x0000000017e59000 nmethod 1573 0x0000000003208bd0 code [0x0000000003208d40, 0x0000000003209010]
Event: 3.226 Thread 0x0000000017e59000 1574       3       java.util.ArrayList$SubList::iterator (5 bytes)
Event: 3.226 Thread 0x0000000017e59000 nmethod 1574 0x000000000320a690 code [0x000000000320a860, 0x000000000320aeb8]
Event: 3.226 Thread 0x0000000017e59000 1575       3       java.util.ArrayList$SubList::size (9 bytes)
Event: 3.227 Thread 0x0000000017e59000 nmethod 1575 0x0000000003210610 code [0x0000000003210780, 0x0000000003210a48]
Event: 3.228 Thread 0x0000000017e59000 1576       3       java.util.regex.Pattern$BitClass::add (97 bytes)
Event: 3.229 Thread 0x0000000017e59000 nmethod 1576 0x0000000003210bd0 code [0x0000000003210de0, 0x0000000003211758]

GC Heap History (0 events):
No events

Deoptimization events (10 events):
Event: 1.202 Thread 0x0000000002b94000 Uncommon trap: reason=unstable_if action=reinterpret pc=0x0000000002dd2668 method=java.lang.String.<init>([CII)V @ 18
Event: 1.761 Thread 0x0000000002b94000 Uncommon trap: reason=unstable_if action=reinterpret pc=0x0000000002e8e58c method=java.util.HashMap.hash(Ljava/lang/Object;)I @ 1
Event: 1.818 Thread 0x0000000002b94000 Uncommon trap: reason=unstable_if action=reinterpret pc=0x0000000002e8fe34 method=java.util.HashMap.getNode(ILjava/lang/Object;)Ljava/util/HashMap$Node; @ 129
Event: 1.824 Thread 0x0000000002b94000 Uncommon trap: reason=range_check action=make_not_entrant pc=0x0000000002ea05e0 method=sun.reflect.generics.parser.SignatureParser.current()C @ 34
Event: 1.948 Thread 0x0000000002b94000 Uncommon trap: reason=unstable_if action=reinterpret pc=0x0000000002e4f8a4 method=java.lang.String.indexOf([CII[CIII)I @ 3
Event: 2.124 Thread 0x0000000002b94000 Uncommon trap: reason=unstable_if action=reinterpret pc=0x0000000002dce0bc method=java.lang.String.startsWith(Ljava/lang/String;I)Z @ 25
Event: 2.177 Thread 0x0000000002b94000 Uncommon trap: reason=unstable_if action=reinterpret pc=0x0000000003010388 method=java.util.zip.ZipFile$ZipEntryIterator.hasNext()Z @ 25
Event: 2.183 Thread 0x0000000002b94000 Uncommon trap: reason=unstable_if action=reinterpret pc=0x000000000301f904 method=java.util.zip.ZipCoder.decoder()Ljava/nio/charset/CharsetDecoder; @ 4
Event: 2.462 Thread 0x0000000002b94000 Uncommon trap: reason=class_check action=maybe_recompile pc=0x0000000002e7eb08 method=java.lang.SecurityManager.checkPackageAccess(Ljava/lang/String;)V @ 143
Event: 2.941 Thread 0x0000000002b94000 Uncommon trap: reason=unstable_if action=reinterpret pc=0x0000000003133030 method=java.io.BufferedReader.readLine(Z)Ljava/lang/String; @ 192

Internal exceptions (10 events):
Event: 2.596 Thread 0x0000000002b94000 Exception <a 'sun/nio/fs/WindowsException'> (0x00000000855bf7b8) thrown at [C:\re\workspace\8-2-build-windows-amd64-cygwin\jdk8u66\5298\hotspot\src\share\vm\prims\jni.cpp, line 709]
Event: 2.600 Thread 0x0000000002b94000 Exception <a 'sun/nio/fs/WindowsException'> (0x00000000855c34c0) thrown at [C:\re\workspace\8-2-build-windows-amd64-cygwin\jdk8u66\5298\hotspot\src\share\vm\prims\jni.cpp, line 709]
Event: 2.603 Thread 0x0000000002b94000 Exception <a 'sun/nio/fs/WindowsException'> (0x00000000855c5568) thrown at [C:\re\workspace\8-2-build-windows-amd64-cygwin\jdk8u66\5298\hotspot\src\share\vm\prims\jni.cpp, line 709]
Event: 2.606 Thread 0x0000000002b94000 Exception <a 'sun/nio/fs/WindowsException'> (0x00000000855c7660) thrown at [C:\re\workspace\8-2-build-windows-amd64-cygwin\jdk8u66\5298\hotspot\src\share\vm\prims\jni.cpp, line 709]
Event: 2.607 Thread 0x0000000002b94000 Exception <a 'sun/nio/fs/WindowsException'> (0x00000000855c9220) thrown at [C:\re\workspace\8-2-build-windows-amd64-cygwin\jdk8u66\5298\hotspot\src\share\vm\prims\jni.cpp, line 709]
Event: 2.611 Thread 0x0000000002b94000 Exception <a 'sun/nio/fs/WindowsException'> (0x00000000855ccf28) thrown at [C:\re\workspace\8-2-build-windows-amd64-cygwin\jdk8u66\5298\hotspot\src\share\vm\prims\jni.cpp, line 709]
Event: 2.614 Thread 0x0000000002b94000 Exception <a 'sun/nio/fs/WindowsException'> (0x00000000855cefd0) thrown at [C:\re\workspace\8-2-build-windows-amd64-cygwin\jdk8u66\5298\hotspot\src\share\vm\prims\jni.cpp, line 709]
Event: 2.617 Thread 0x0000000002b94000 Exception <a 'sun/nio/fs/WindowsException'> (0x00000000855d10c8) thrown at [C:\re\workspace\8-2-build-windows-amd64-cygwin\jdk8u66\5298\hotspot\src\share\vm\prims\jni.cpp, line 709]
Event: 2.619 Thread 0x0000000002b94000 Exception <a 'sun/nio/fs/WindowsException'> (0x00000000855d2c88) thrown at [C:\re\workspace\8-2-build-windows-amd64-cygwin\jdk8u66\5298\hotspot\src\share\vm\prims\jni.cpp, line 709]
Event: 2.631 Thread 0x0000000002b94000 Exception <a 'sun/nio/fs/WindowsException'> (0x0000000085600860) thrown at [C:\re\workspace\8-2-build-windows-amd64-cygwin\jdk8u66\5298\hotspot\src\share\vm\prims\jni.cpp, line 709]

Events (10 events):
Event: 3.225 loading class java/lang/EnumConstantNotPresentException
Event: 3.225 loading class java/lang/EnumConstantNotPresentException done
Event: 3.227 loading class java/lang/IllegalThreadStateException
Event: 3.227 loading class java/lang/IllegalThreadStateException done
Event: 3.227 loading class java/lang/NegativeArraySizeException
Event: 3.228 loading class java/lang/NegativeArraySizeException done
Event: 3.230 loading class java/lang/TypeNotPresentException
Event: 3.230 loading class java/lang/TypeNotPresentException done
Event: 3.231 loading class java/math/MathContext
Event: 3.231 loading class java/math/MathContext done


Dynamic libraries:
0x00007ff6644d0000 - 0x00007ff664507000 	C:\Program Files\Java\jre1.8.0_66\bin\java.exe
0x00007ff968160000 - 0x00007ff968341000 	C:\WINDOWS\SYSTEM32\ntdll.dll
0x00007ff967c70000 - 0x00007ff967d22000 	C:\WINDOWS\System32\KERNEL32.DLL
0x00007ff964fa0000 - 0x00007ff965213000 	C:\WINDOWS\System32\KERNELBASE.dll
0x00007ff965a50000 - 0x00007ff965af1000 	C:\WINDOWS\System32\ADVAPI32.dll
0x00007ff968090000 - 0x00007ff96812e000 	C:\WINDOWS\System32\msvcrt.dll
0x00007ff965f30000 - 0x00007ff965f8b000 	C:\WINDOWS\System32\sechost.dll
0x00007ff967d60000 - 0x00007ff967e84000 	C:\WINDOWS\System32\RPCRT4.dll
0x00007ff965cc0000 - 0x00007ff965e50000 	C:\WINDOWS\System32\USER32.dll
0x00007ff9645e0000 - 0x00007ff964600000 	C:\WINDOWS\System32\win32u.dll
0x00007ff966270000 - 0x00007ff966298000 	C:\WINDOWS\System32\GDI32.dll
0x00007ff965350000 - 0x00007ff9654e2000 	C:\WINDOWS\System32\gdi32full.dll
0x00007ff964f00000 - 0x00007ff964f9f000 	C:\WINDOWS\System32\msvcp_win.dll
0x00007ff9654f0000 - 0x00007ff9655e8000 	C:\WINDOWS\System32\ucrtbase.dll
0x00007ff94fbc0000 - 0x00007ff94fe29000 	C:\WINDOWS\WinSxS\amd64_microsoft.windows.common-controls_6595b64144ccf1df_6.0.17134.648_none_fb45a0e93062a6d2\COMCTL32.dll
0x00007ff966340000 - 0x00007ff966662000 	C:\WINDOWS\System32\combase.dll
0x00007ff965220000 - 0x00007ff96529a000 	C:\WINDOWS\System32\bcryptPrimitives.dll
0x00007ff967d30000 - 0x00007ff967d5d000 	C:\WINDOWS\System32\IMM32.DLL
0x00000000650a0000 - 0x0000000065172000 	C:\Program Files\Java\jre1.8.0_66\bin\msvcr100.dll
0x0000000063840000 - 0x00000000640c9000 	C:\Program Files\Java\jre1.8.0_66\bin\server\jvm.dll
0x00007ff9667c0000 - 0x00007ff9667c8000 	C:\WINDOWS\System32\PSAPI.DLL
0x00007ff957d30000 - 0x00007ff957d3a000 	C:\WINDOWS\SYSTEM32\VERSION.dll
0x00007ff962240000 - 0x00007ff962263000 	C:\WINDOWS\SYSTEM32\WINMM.dll
0x00007ff9630a0000 - 0x00007ff9630a9000 	C:\WINDOWS\SYSTEM32\WSOCK32.dll
0x00007ff965e50000 - 0x00007ff965ebc000 	C:\WINDOWS\System32\WS2_32.dll
0x00007ff962210000 - 0x00007ff96223a000 	C:\WINDOWS\SYSTEM32\winmmbase.dll
0x00007ff965300000 - 0x00007ff965349000 	C:\WINDOWS\System32\cfgmgr32.dll
0x0000000065090000 - 0x000000006509f000 	C:\Program Files\Java\jre1.8.0_66\bin\verify.dll
0x0000000063810000 - 0x0000000063839000 	C:\Program Files\Java\jre1.8.0_66\bin\java.dll
0x0000000065070000 - 0x0000000065086000 	C:\Program Files\Java\jre1.8.0_66\bin\zip.dll
0x00007ff9667d0000 - 0x00007ff967c10000 	C:\WINDOWS\System32\SHELL32.dll
0x00007ff966690000 - 0x00007ff966739000 	C:\WINDOWS\System32\shcore.dll
0x00007ff964600000 - 0x00007ff964d0d000 	C:\WINDOWS\System32\windows.storage.dll
0x00007ff967c10000 - 0x00007ff967c61000 	C:\WINDOWS\System32\shlwapi.dll
0x00007ff9644f0000 - 0x00007ff964501000 	C:\WINDOWS\System32\kernel.appcore.dll
0x00007ff9644d0000 - 0x00007ff9644ef000 	C:\WINDOWS\System32\profapi.dll
0x00007ff964480000 - 0x00007ff9644cc000 	C:\WINDOWS\System32\powrprof.dll
0x00007ff964470000 - 0x00007ff96447a000 	C:\WINDOWS\System32\FLTLIB.DLL
0x0000000063800000 - 0x000000006380d000 	C:\Program Files\Java\jre1.8.0_66\bin\management.dll
0x00000000637e0000 - 0x00000000637fa000 	C:\Program Files\Java\jre1.8.0_66\bin\net.dll
0x00007ff963c90000 - 0x00007ff963cf6000 	C:\WINDOWS\system32\mswsock.dll
0x00007ff94a450000 - 0x00007ff94a466000 	C:\WINDOWS\system32\napinsp.dll
0x00007ff948e60000 - 0x00007ff948e7a000 	C:\WINDOWS\system32\pnrpnsp.dll
0x00007ff960930000 - 0x00007ff960949000 	C:\WINDOWS\system32\NLAapi.dll
0x00007ff963a50000 - 0x00007ff963b0e000 	C:\WINDOWS\SYSTEM32\DNSAPI.dll
0x00007ff965f20000 - 0x00007ff965f28000 	C:\WINDOWS\System32\NSI.dll
0x00007ff963a10000 - 0x00007ff963a48000 	C:\WINDOWS\SYSTEM32\IPHLPAPI.DLL
0x00007ff94edb0000 - 0x00007ff94edbe000 	C:\WINDOWS\System32\winrnr.dll
0x00007ff959aa0000 - 0x00007ff959aaa000 	C:\Windows\System32\rasadhlp.dll
0x00007ff95a030000 - 0x00007ff95a0a2000 	C:\WINDOWS\System32\fwpuclnt.dll
0x00007ff963fd0000 - 0x00007ff963ff5000 	C:\WINDOWS\SYSTEM32\bcrypt.dll
0x00000000637c0000 - 0x00000000637d1000 	C:\Program Files\Java\jre1.8.0_66\bin\nio.dll
0x00007ff963e40000 - 0x00007ff963e57000 	C:\WINDOWS\SYSTEM32\CRYPTSP.dll
0x00007ff963870000 - 0x00007ff9638a3000 	C:\WINDOWS\system32\rsaenh.dll
0x00007ff964370000 - 0x00007ff964398000 	C:\WINDOWS\SYSTEM32\USERENV.dll
0x00007ff963e60000 - 0x00007ff963e6b000 	C:\WINDOWS\SYSTEM32\CRYPTBASE.dll
0x00007ff95aba0000 - 0x00007ff95abb6000 	C:\WINDOWS\SYSTEM32\dhcpcsvc6.DLL
0x00007ff95b3d0000 - 0x00007ff95b3ea000 	C:\WINDOWS\SYSTEM32\dhcpcsvc.DLL
0x00007ff948d80000 - 0x00007ff948da5000 	C:\Users\Thomas\AppData\Local\Temp\jna--1790657756\jna4838822348374488007.dll

VM Arguments:
jvm_args: -Xms2g -Xmx2g -XX:+UseConcMarkSweepGC -XX:CMSInitiatingOccupancyFraction=75 -XX:+UseCMSInitiatingOccupancyOnly -XX:+DisableExplicitGC -XX:+AlwaysPreTouch -Xss1m -Djava.awt.headless=true -Dfile.encoding=UTF-8 -Djna.nosys=true -Djdk.io.permissionsUseCanonicalPath=true -Dio.netty.noUnsafe=true -Dio.netty.noKeySetOptimization=true -Dlog4j.shutdownHookEnabled=false -Dlog4j2.disable.jmx=true -Dlog4j.skipJansi=true -XX:+HeapDumpOnOutOfMemoryError -Delasticsearch -Des.path.home=C:\Users\Thomas\Documents\CS172\Final-Project\finalproject-4man\elasticsearch\elasticsearch-5.1.1 
java_command: org.elasticsearch.bootstrap.Elasticsearch
java_class_path (initial): C:\Users\Thomas\Documents\CS172\Final-Project\finalproject-4man\elasticsearch\elasticsearch-5.1.1/lib/elasticsearch-5.1.1.jar;C:\Users\Thomas\Documents\CS172\Final-Project\finalproject-4man\elasticsearch\elasticsearch-5.1.1/lib/elasticsearch-5.1.1.jar;C:\Users\Thomas\Documents\CS172\Final-Project\finalproject-4man\elasticsearch\elasticsearch-5.1.1/lib/HdrHistogram-2.1.6.jar;C:\Users\Thomas\Documents\CS172\Final-Project\finalproject-4man\elasticsearch\elasticsearch-5.1.1/lib/hppc-0.7.1.jar;C:\Users\Thomas\Documents\CS172\Final-Project\finalproject-4man\elasticsearch\elasticsearch-5.1.1/lib/jackson-core-2.8.1.jar;C:\Users\Thomas\Documents\CS172\Final-Project\finalproject-4man\elasticsearch\elasticsearch-5.1.1/lib/jackson-dataformat-cbor-2.8.1.jar;C:\Users\Thomas\Documents\CS172\Final-Project\finalproject-4man\elasticsearch\elasticsearch-5.1.1/lib/jackson-dataformat-smile-2.8.1.jar;C:\Users\Thomas\Documents\CS172\Final-Project\finalproject-4man\elasticsearch\elasticsearch-5.1.1/lib/jackson-dataformat-yaml-2.8.1.jar;C:\Users\Thomas\Documents\CS172\Final-Project\finalproject-4man\elasticsearch\elasticsearch-5.1.1/lib/jna-4.2.2.jar;C:\Users\Thomas\Documents\CS172\Final-Project\finalproject-4man\elasticsearch\elasticsearch-5.1.1/lib/joda-time-2.9.5.jar;C:\Users\Thomas\Documents\CS172\Final-Project\finalproject-4man\elasticsearch\elasticsearch-5.1.1/lib/jopt-simple-5.0.2.jar;C:\Users\Thomas\Documents\CS172\Final-Project\finalproject-4man\elasticsearch\elasticsearch-5.1.1/lib/jts-1.13.jar;C:\Users\Thomas\Documents\CS172\Final-Project\finalproject-4man\elasticsearch\elasticsearch-5.1.1/lib/log4j-1.2-api-2.7.jar;C:\Users\Thomas\Documents\CS172\Final-Project\finalproject-4man\elasticsearch\elasticsearch-5.1.1/lib/log4j-api-2.7.jar;C:\Users\Thomas\Documents\CS172\Final-Project\finalproject-4man\elasticsearch\elasticsearch-5.1.1/lib/log4j-core-2.7.jar;C:\Users\Thomas\Documents\CS172\Final-Project\finalproject-4man\elasticsearch\elasticsearch-5.1.1/lib
Launcher Type: SUN_STANDARD

Environment Variables:
JAVA_HOME=C:\Program Files\Java\jre1.8.0_66
PATH=C:\Program Files (x86)\Common Files\Oracle\Java\javapath;C:\ProgramData\Oracle\Java\javapath;C:\Program Files (x86)\Intel\iCLS Client\;C:\Program Files\Intel\iCLS Client\;C:\WINDOWS\system32;C:\WINDOWS;C:\WINDOWS\System32\Wbem;C:\WINDOWS\System32\WindowsPowerShell\v1.0\;C:\Program Files (x86)\Intel\Intel(R) Management Engine Components\DAL;C:\Program Files\Intel\Intel(R) Management Engine Components\DAL;C:\Program Files (x86)\Intel\Intel(R) Management Engine Components\IPT;C:\Program Files\Intel\Intel(R) Management Engine Components\IPT;C:\WINDOWS\system32\config\systemprofile\.dnx\bin;C:\Program Files\Microsoft DNX\Dnvm\;C:\Program Files\Microsoft SQL Server\130\Tools\Binn\;C:\Program Files (x86)\Skype\Phone\;C:\Program Files\Intel\WiFi\bin\;C:\Program Files\Common Files\Intel\WirelessCommon\;C:\Program Files\PuTTY\;C:\Program Files\MATLAB\R2018a\bin;C:\WINDOWS\System32\OpenSSH\;C:\Program Files\nodejs\;C:\HashiCorp\Vagrant\bin;C:\Program Files (x86)\GnuWin32\bin;C:\Users\Thomas\AppData\Local\Programs\Python\Python37-32\Scripts\;C:\Users\Thomas\AppData\Local\Programs\Python\Python37-32\;C:\Users\Thomas\AppData\Local\Microsoft\WindowsApps;C:\Users\Thomas\AppData\Roaming\npm;C:\Program Files\Microsoft VS Code\bin;C:\Program Files\heroku\bin
USERNAME=Thomas
OS=Windows_NT
PROCESSOR_IDENTIFIER=Intel64 Family 6 Model 61 Stepping 4, GenuineIntel



---------------  S Y S T E M  ---------------

OS: Windows 10.0 , 64 bit Build 17134 (10.0.17134.648)

CPU:total 4 (2 cores per cpu, 2 threads per core) family 6 model 61 stepping 4, cmov, cx8, fxsr, mmx, sse, sse2, sse3, ssse3, sse4.1, sse4.2, popcnt, avx, avx2, aes, clmul, erms, 3dnowpref, lzcnt, ht, tsc, tscinvbit, bmi1, bmi2, adx

Memory: 4k page, physical 8289036k(578860k free), swap 8289036k(7780k free)

vm_info: Java HotSpot(TM) 64-Bit Server VM (25.66-b18) for windows-amd64 JRE (1.8.0_66-b18), built on Nov  9 2015 10:51:13 by "java_re" with MS VC++ 10.0 (VS2010)

time: Fri Mar 15 12:25:41 2019
elapsed time: 3 seconds (0d 0h 0m 3s)

