[2019-03-12T00:00:03,402][WARN ][o.e.c.r.a.DiskThresholdMonitor] [22N5-W8] high disk watermark [90%] exceeded on [22N5-W87SESN9dmtoPkHIw][22N5-W8][C:\Users\lieta\Documents\CS172\Final Project\finalproject-4man\elasticsearch\elasticsearch-5.1.1\data\nodes\0] free: 19.3gb[8.6%], shards will be relocated away from this node
[2019-03-12T00:00:03,408][INFO ][o.e.c.r.a.DiskThresholdMonitor] [22N5-W8] rerouting shards: [high disk watermark exceeded on one or more nodes]
[2019-03-12T00:00:33,409][WARN ][o.e.c.r.a.DiskThresholdMonitor] [22N5-W8] high disk watermark [90%] exceeded on [22N5-W87SESN9dmtoPkHIw][22N5-W8][C:\Users\lieta\Documents\CS172\Final Project\finalproject-4man\elasticsearch\elasticsearch-5.1.1\data\nodes\0] free: 19.3gb[8.6%], shards will be relocated away from this node
[2019-03-12T00:01:03,412][WARN ][o.e.c.r.a.DiskThresholdMonitor] [22N5-W8] high disk watermark [90%] exceeded on [22N5-W87SESN9dmtoPkHIw][22N5-W8][C:\Users\lieta\Documents\CS172\Final Project\finalproject-4man\elasticsearch\elasticsearch-5.1.1\data\nodes\0] free: 19.3gb[8.6%], shards will be relocated away from this node
[2019-03-12T00:01:03,412][INFO ][o.e.c.r.a.DiskThresholdMonitor] [22N5-W8] rerouting shards: [high disk watermark exceeded on one or more nodes]
[2019-03-12T00:01:33,414][WARN ][o.e.c.r.a.DiskThresholdMonitor] [22N5-W8] high disk watermark [90%] exceeded on [22N5-W87SESN9dmtoPkHIw][22N5-W8][C:\Users\lieta\Documents\CS172\Final Project\finalproject-4man\elasticsearch\elasticsearch-5.1.1\data\nodes\0] free: 19.3gb[8.6%], shards will be relocated away from this node
[2019-03-12T00:02:03,416][WARN ][o.e.c.r.a.DiskThresholdMonitor] [22N5-W8] high disk watermark [90%] exceeded on [22N5-W87SESN9dmtoPkHIw][22N5-W8][C:\Users\lieta\Documents\CS172\Final Project\finalproject-4man\elasticsearch\elasticsearch-5.1.1\data\nodes\0] free: 19.3gb[8.6%], shards will be relocated away from this node
[2019-03-12T00:02:03,416][INFO ][o.e.c.r.a.DiskThresholdMonitor] [22N5-W8] rerouting shards: [high disk watermark exceeded on one or more nodes]
[2019-03-12T00:02:13,979][INFO ][o.e.c.m.MetaDataCreateIndexService] [22N5-W8] [tweetindex] creating index, cause [auto(bulk api)], templates [], shards [5]/[1], mappings []
[2019-03-12T00:02:14,310][INFO ][o.e.c.m.MetaDataMappingService] [22N5-W8] [tweetindex/g_iV0Dj6QoOn1tp2E2UYgw] create_mapping [tweet]
[2019-03-12T00:02:14,322][INFO ][o.e.c.m.MetaDataMappingService] [22N5-W8] [tweetindex/g_iV0Dj6QoOn1tp2E2UYgw] update_mapping [tweet]
[2019-03-12T00:02:14,355][INFO ][o.e.c.m.MetaDataMappingService] [22N5-W8] [tweetindex/g_iV0Dj6QoOn1tp2E2UYgw] update_mapping [tweet]
[2019-03-12T00:02:14,371][INFO ][o.e.c.m.MetaDataMappingService] [22N5-W8] [tweetindex/g_iV0Dj6QoOn1tp2E2UYgw] update_mapping [tweet]
[2019-03-12T00:02:14,388][INFO ][o.e.c.m.MetaDataMappingService] [22N5-W8] [tweetindex/g_iV0Dj6QoOn1tp2E2UYgw] update_mapping [tweet]
[2019-03-12T00:02:14,436][INFO ][o.e.c.m.MetaDataMappingService] [22N5-W8] [tweetindex/g_iV0Dj6QoOn1tp2E2UYgw] update_mapping [tweet]
[2019-03-12T00:02:14,542][INFO ][o.e.c.m.MetaDataMappingService] [22N5-W8] [tweetindex/g_iV0Dj6QoOn1tp2E2UYgw] update_mapping [tweet]
[2019-03-12T00:02:14,554][INFO ][o.e.c.m.MetaDataMappingService] [22N5-W8] [tweetindex/g_iV0Dj6QoOn1tp2E2UYgw] update_mapping [tweet]
[2019-03-12T00:02:14,584][INFO ][o.e.c.m.MetaDataMappingService] [22N5-W8] [tweetindex/g_iV0Dj6QoOn1tp2E2UYgw] update_mapping [tweet]
[2019-03-12T00:02:14,601][INFO ][o.e.c.m.MetaDataMappingService] [22N5-W8] [tweetindex/g_iV0Dj6QoOn1tp2E2UYgw] update_mapping [tweet]
[2019-03-12T00:02:14,643][INFO ][o.e.c.m.MetaDataMappingService] [22N5-W8] [tweetindex/g_iV0Dj6QoOn1tp2E2UYgw] update_mapping [tweet]
[2019-03-12T00:02:14,730][INFO ][o.e.c.m.MetaDataMappingService] [22N5-W8] [tweetindex/g_iV0Dj6QoOn1tp2E2UYgw] update_mapping [tweet]
[2019-03-12T00:02:14,790][INFO ][o.e.c.m.MetaDataMappingService] [22N5-W8] [tweetindex/g_iV0Dj6QoOn1tp2E2UYgw] update_mapping [tweet]
[2019-03-12T00:02:14,833][INFO ][o.e.c.m.MetaDataMappingService] [22N5-W8] [tweetindex/g_iV0Dj6QoOn1tp2E2UYgw] update_mapping [tweet]
[2019-03-12T00:02:14,843][INFO ][o.e.c.m.MetaDataMappingService] [22N5-W8] [tweetindex/g_iV0Dj6QoOn1tp2E2UYgw] update_mapping [tweet]
[2019-03-12T00:02:14,953][INFO ][o.e.c.m.MetaDataMappingService] [22N5-W8] [tweetindex/g_iV0Dj6QoOn1tp2E2UYgw] update_mapping [tweet]
[2019-03-12T00:02:15,058][INFO ][o.e.c.m.MetaDataMappingService] [22N5-W8] [tweetindex/g_iV0Dj6QoOn1tp2E2UYgw] update_mapping [tweet]
[2019-03-12T00:02:15,111][INFO ][o.e.c.m.MetaDataMappingService] [22N5-W8] [tweetindex/g_iV0Dj6QoOn1tp2E2UYgw] update_mapping [tweet]
[2019-03-12T00:02:15,124][INFO ][o.e.c.m.MetaDataMappingService] [22N5-W8] [tweetindex/g_iV0Dj6QoOn1tp2E2UYgw] update_mapping [tweet]
[2019-03-12T00:02:15,136][INFO ][o.e.c.m.MetaDataMappingService] [22N5-W8] [tweetindex/g_iV0Dj6QoOn1tp2E2UYgw] update_mapping [tweet]
[2019-03-12T00:02:15,224][INFO ][o.e.c.m.MetaDataMappingService] [22N5-W8] [tweetindex/g_iV0Dj6QoOn1tp2E2UYgw] update_mapping [tweet]
[2019-03-12T00:02:15,618][INFO ][o.e.c.m.MetaDataMappingService] [22N5-W8] [tweetindex/g_iV0Dj6QoOn1tp2E2UYgw] update_mapping [tweet]
[2019-03-12T00:02:15,723][INFO ][o.e.c.m.MetaDataMappingService] [22N5-W8] [tweetindex/g_iV0Dj6QoOn1tp2E2UYgw] update_mapping [tweet]
[2019-03-12T00:02:16,134][INFO ][o.e.c.m.MetaDataMappingService] [22N5-W8] [tweetindex/g_iV0Dj6QoOn1tp2E2UYgw] update_mapping [tweet]
[2019-03-12T00:02:33,425][WARN ][o.e.c.r.a.DiskThresholdMonitor] [22N5-W8] high disk watermark [90%] exceeded on [22N5-W87SESN9dmtoPkHIw][22N5-W8][C:\Users\lieta\Documents\CS172\Final Project\finalproject-4man\elasticsearch\elasticsearch-5.1.1\data\nodes\0] free: 19.3gb[8.6%], shards will be relocated away from this node
[2019-03-12T00:03:03,433][WARN ][o.e.c.r.a.DiskThresholdMonitor] [22N5-W8] high disk watermark [90%] exceeded on [22N5-W87SESN9dmtoPkHIw][22N5-W8][C:\Users\lieta\Documents\CS172\Final Project\finalproject-4man\elasticsearch\elasticsearch-5.1.1\data\nodes\0] free: 19.3gb[8.6%], shards will be relocated away from this node
[2019-03-12T00:03:03,434][INFO ][o.e.c.r.a.DiskThresholdMonitor] [22N5-W8] rerouting shards: [high disk watermark exceeded on one or more nodes]
[2019-03-12T00:03:33,440][WARN ][o.e.c.r.a.DiskThresholdMonitor] [22N5-W8] high disk watermark [90%] exceeded on [22N5-W87SESN9dmtoPkHIw][22N5-W8][C:\Users\lieta\Documents\CS172\Final Project\finalproject-4man\elasticsearch\elasticsearch-5.1.1\data\nodes\0] free: 19.3gb[8.6%], shards will be relocated away from this node
[2019-03-12T00:04:03,447][WARN ][o.e.c.r.a.DiskThresholdMonitor] [22N5-W8] high disk watermark [90%] exceeded on [22N5-W87SESN9dmtoPkHIw][22N5-W8][C:\Users\lieta\Documents\CS172\Final Project\finalproject-4man\elasticsearch\elasticsearch-5.1.1\data\nodes\0] free: 19.3gb[8.6%], shards will be relocated away from this node
[2019-03-12T00:04:03,448][INFO ][o.e.c.r.a.DiskThresholdMonitor] [22N5-W8] rerouting shards: [high disk watermark exceeded on one or more nodes]
[2019-03-12T00:04:33,454][WARN ][o.e.c.r.a.DiskThresholdMonitor] [22N5-W8] high disk watermark [90%] exceeded on [22N5-W87SESN9dmtoPkHIw][22N5-W8][C:\Users\lieta\Documents\CS172\Final Project\finalproject-4man\elasticsearch\elasticsearch-5.1.1\data\nodes\0] free: 19.3gb[8.6%], shards will be relocated away from this node
[2019-03-12T00:05:03,460][WARN ][o.e.c.r.a.DiskThresholdMonitor] [22N5-W8] high disk watermark [90%] exceeded on [22N5-W87SESN9dmtoPkHIw][22N5-W8][C:\Users\lieta\Documents\CS172\Final Project\finalproject-4man\elasticsearch\elasticsearch-5.1.1\data\nodes\0] free: 19.3gb[8.6%], shards will be relocated away from this node
[2019-03-12T00:05:03,460][INFO ][o.e.c.r.a.DiskThresholdMonitor] [22N5-W8] rerouting shards: [high disk watermark exceeded on one or more nodes]
[2019-03-12T00:05:33,469][WARN ][o.e.c.r.a.DiskThresholdMonitor] [22N5-W8] high disk watermark [90%] exceeded on [22N5-W87SESN9dmtoPkHIw][22N5-W8][C:\Users\lieta\Documents\CS172\Final Project\finalproject-4man\elasticsearch\elasticsearch-5.1.1\data\nodes\0] free: 19.3gb[8.6%], shards will be relocated away from this node
[2019-03-12T00:06:03,475][WARN ][o.e.c.r.a.DiskThresholdMonitor] [22N5-W8] high disk watermark [90%] exceeded on [22N5-W87SESN9dmtoPkHIw][22N5-W8][C:\Users\lieta\Documents\CS172\Final Project\finalproject-4man\elasticsearch\elasticsearch-5.1.1\data\nodes\0] free: 19.3gb[8.6%], shards will be relocated away from this node
[2019-03-12T00:06:03,475][INFO ][o.e.c.r.a.DiskThresholdMonitor] [22N5-W8] rerouting shards: [high disk watermark exceeded on one or more nodes]
[2019-03-12T00:06:33,480][WARN ][o.e.c.r.a.DiskThresholdMonitor] [22N5-W8] high disk watermark [90%] exceeded on [22N5-W87SESN9dmtoPkHIw][22N5-W8][C:\Users\lieta\Documents\CS172\Final Project\finalproject-4man\elasticsearch\elasticsearch-5.1.1\data\nodes\0] free: 19.3gb[8.6%], shards will be relocated away from this node
[2019-03-12T00:07:03,487][WARN ][o.e.c.r.a.DiskThresholdMonitor] [22N5-W8] high disk watermark [90%] exceeded on [22N5-W87SESN9dmtoPkHIw][22N5-W8][C:\Users\lieta\Documents\CS172\Final Project\finalproject-4man\elasticsearch\elasticsearch-5.1.1\data\nodes\0] free: 19.3gb[8.6%], shards will be relocated away from this node
[2019-03-12T00:07:03,488][INFO ][o.e.c.r.a.DiskThresholdMonitor] [22N5-W8] rerouting shards: [high disk watermark exceeded on one or more nodes]
[2019-03-12T00:07:33,496][WARN ][o.e.c.r.a.DiskThresholdMonitor] [22N5-W8] high disk watermark [90%] exceeded on [22N5-W87SESN9dmtoPkHIw][22N5-W8][C:\Users\lieta\Documents\CS172\Final Project\finalproject-4man\elasticsearch\elasticsearch-5.1.1\data\nodes\0] free: 19.3gb[8.6%], shards will be relocated away from this node
[2019-03-12T00:08:03,505][WARN ][o.e.c.r.a.DiskThresholdMonitor] [22N5-W8] high disk watermark [90%] exceeded on [22N5-W87SESN9dmtoPkHIw][22N5-W8][C:\Users\lieta\Documents\CS172\Final Project\finalproject-4man\elasticsearch\elasticsearch-5.1.1\data\nodes\0] free: 19.3gb[8.6%], shards will be relocated away from this node
[2019-03-12T00:08:03,505][INFO ][o.e.c.r.a.DiskThresholdMonitor] [22N5-W8] rerouting shards: [high disk watermark exceeded on one or more nodes]
[2019-03-12T00:08:33,514][WARN ][o.e.c.r.a.DiskThresholdMonitor] [22N5-W8] high disk watermark [90%] exceeded on [22N5-W87SESN9dmtoPkHIw][22N5-W8][C:\Users\lieta\Documents\CS172\Final Project\finalproject-4man\elasticsearch\elasticsearch-5.1.1\data\nodes\0] free: 19.2gb[8.6%], shards will be relocated away from this node
[2019-03-12T00:09:03,520][WARN ][o.e.c.r.a.DiskThresholdMonitor] [22N5-W8] high disk watermark [90%] exceeded on [22N5-W87SESN9dmtoPkHIw][22N5-W8][C:\Users\lieta\Documents\CS172\Final Project\finalproject-4man\elasticsearch\elasticsearch-5.1.1\data\nodes\0] free: 19.3gb[8.6%], shards will be relocated away from this node
[2019-03-12T00:09:03,520][INFO ][o.e.c.r.a.DiskThresholdMonitor] [22N5-W8] rerouting shards: [high disk watermark exceeded on one or more nodes]
[2019-03-12T00:09:33,530][WARN ][o.e.c.r.a.DiskThresholdMonitor] [22N5-W8] high disk watermark [90%] exceeded on [22N5-W87SESN9dmtoPkHIw][22N5-W8][C:\Users\lieta\Documents\CS172\Final Project\finalproject-4man\elasticsearch\elasticsearch-5.1.1\data\nodes\0] free: 19.2gb[8.6%], shards will be relocated away from this node
[2019-03-12T00:10:03,536][WARN ][o.e.c.r.a.DiskThresholdMonitor] [22N5-W8] high disk watermark [90%] exceeded on [22N5-W87SESN9dmtoPkHIw][22N5-W8][C:\Users\lieta\Documents\CS172\Final Project\finalproject-4man\elasticsearch\elasticsearch-5.1.1\data\nodes\0] free: 19.1gb[8.5%], shards will be relocated away from this node
[2019-03-12T00:10:03,536][INFO ][o.e.c.r.a.DiskThresholdMonitor] [22N5-W8] rerouting shards: [high disk watermark exceeded on one or more nodes]
[2019-03-12T00:10:33,543][WARN ][o.e.c.r.a.DiskThresholdMonitor] [22N5-W8] high disk watermark [90%] exceeded on [22N5-W87SESN9dmtoPkHIw][22N5-W8][C:\Users\lieta\Documents\CS172\Final Project\finalproject-4man\elasticsearch\elasticsearch-5.1.1\data\nodes\0] free: 19.1gb[8.5%], shards will be relocated away from this node
[2019-03-12T00:11:03,549][WARN ][o.e.c.r.a.DiskThresholdMonitor] [22N5-W8] high disk watermark [90%] exceeded on [22N5-W87SESN9dmtoPkHIw][22N5-W8][C:\Users\lieta\Documents\CS172\Final Project\finalproject-4man\elasticsearch\elasticsearch-5.1.1\data\nodes\0] free: 19.1gb[8.5%], shards will be relocated away from this node
[2019-03-12T00:11:03,549][INFO ][o.e.c.r.a.DiskThresholdMonitor] [22N5-W8] rerouting shards: [high disk watermark exceeded on one or more nodes]
[2019-03-12T00:11:33,557][WARN ][o.e.c.r.a.DiskThresholdMonitor] [22N5-W8] high disk watermark [90%] exceeded on [22N5-W87SESN9dmtoPkHIw][22N5-W8][C:\Users\lieta\Documents\CS172\Final Project\finalproject-4man\elasticsearch\elasticsearch-5.1.1\data\nodes\0] free: 19.1gb[8.6%], shards will be relocated away from this node
[2019-03-12T00:12:03,564][WARN ][o.e.c.r.a.DiskThresholdMonitor] [22N5-W8] high disk watermark [90%] exceeded on [22N5-W87SESN9dmtoPkHIw][22N5-W8][C:\Users\lieta\Documents\CS172\Final Project\finalproject-4man\elasticsearch\elasticsearch-5.1.1\data\nodes\0] free: 19.1gb[8.6%], shards will be relocated away from this node
[2019-03-12T00:12:03,564][INFO ][o.e.c.r.a.DiskThresholdMonitor] [22N5-W8] rerouting shards: [high disk watermark exceeded on one or more nodes]
[2019-03-12T00:12:33,573][WARN ][o.e.c.r.a.DiskThresholdMonitor] [22N5-W8] high disk watermark [90%] exceeded on [22N5-W87SESN9dmtoPkHIw][22N5-W8][C:\Users\lieta\Documents\CS172\Final Project\finalproject-4man\elasticsearch\elasticsearch-5.1.1\data\nodes\0] free: 19.1gb[8.6%], shards will be relocated away from this node
[2019-03-12T00:13:03,581][WARN ][o.e.c.r.a.DiskThresholdMonitor] [22N5-W8] high disk watermark [90%] exceeded on [22N5-W87SESN9dmtoPkHIw][22N5-W8][C:\Users\lieta\Documents\CS172\Final Project\finalproject-4man\elasticsearch\elasticsearch-5.1.1\data\nodes\0] free: 19.1gb[8.6%], shards will be relocated away from this node
[2019-03-12T00:13:03,581][INFO ][o.e.c.r.a.DiskThresholdMonitor] [22N5-W8] rerouting shards: [high disk watermark exceeded on one or more nodes]
[2019-03-12T00:13:33,587][WARN ][o.e.c.r.a.DiskThresholdMonitor] [22N5-W8] high disk watermark [90%] exceeded on [22N5-W87SESN9dmtoPkHIw][22N5-W8][C:\Users\lieta\Documents\CS172\Final Project\finalproject-4man\elasticsearch\elasticsearch-5.1.1\data\nodes\0] free: 19.1gb[8.6%], shards will be relocated away from this node
[2019-03-12T00:14:03,593][WARN ][o.e.c.r.a.DiskThresholdMonitor] [22N5-W8] high disk watermark [90%] exceeded on [22N5-W87SESN9dmtoPkHIw][22N5-W8][C:\Users\lieta\Documents\CS172\Final Project\finalproject-4man\elasticsearch\elasticsearch-5.1.1\data\nodes\0] free: 19.1gb[8.6%], shards will be relocated away from this node
[2019-03-12T00:14:03,593][INFO ][o.e.c.r.a.DiskThresholdMonitor] [22N5-W8] rerouting shards: [high disk watermark exceeded on one or more nodes]
[2019-03-12T00:14:33,601][WARN ][o.e.c.r.a.DiskThresholdMonitor] [22N5-W8] high disk watermark [90%] exceeded on [22N5-W87SESN9dmtoPkHIw][22N5-W8][C:\Users\lieta\Documents\CS172\Final Project\finalproject-4man\elasticsearch\elasticsearch-5.1.1\data\nodes\0] free: 19.1gb[8.5%], shards will be relocated away from this node
[2019-03-12T00:36:14,597][INFO ][o.e.n.Node               ] [] initializing ...
[2019-03-12T00:36:25,538][INFO ][o.e.e.NodeEnvironment    ] [22N5-W8] using [1] data paths, mounts [[(C:)]], net usable_space [22.8gb], net total_space [194gb], spins? [unknown], types [NTFS]
[2019-03-12T00:36:25,542][INFO ][o.e.e.NodeEnvironment    ] [22N5-W8] heap size [1.9gb], compressed ordinary object pointers [true]
[2019-03-12T00:36:25,614][INFO ][o.e.n.Node               ] node name [22N5-W8] derived from node ID [22N5-W87SESN9dmtoPkHIw]; set [node.name] to override
[2019-03-12T00:36:25,618][INFO ][o.e.n.Node               ] version[5.1.1], pid[12812], build[5395e21/2016-12-06T12:36:15.409Z], OS[Windows 10/10.0/amd64], JVM[Oracle Corporation/Java HotSpot(TM) 64-Bit Server VM/1.8.0_66/25.66-b18]
[2019-03-12T00:36:35,285][INFO ][o.e.p.PluginsService     ] [22N5-W8] loaded module [aggs-matrix-stats]
[2019-03-12T00:36:35,285][INFO ][o.e.p.PluginsService     ] [22N5-W8] loaded module [ingest-common]
[2019-03-12T00:36:35,289][INFO ][o.e.p.PluginsService     ] [22N5-W8] loaded module [lang-expression]
[2019-03-12T00:36:35,293][INFO ][o.e.p.PluginsService     ] [22N5-W8] loaded module [lang-groovy]
[2019-03-12T00:36:35,293][INFO ][o.e.p.PluginsService     ] [22N5-W8] loaded module [lang-mustache]
[2019-03-12T00:36:35,293][INFO ][o.e.p.PluginsService     ] [22N5-W8] loaded module [lang-painless]
[2019-03-12T00:36:35,297][INFO ][o.e.p.PluginsService     ] [22N5-W8] loaded module [percolator]
[2019-03-12T00:36:35,297][INFO ][o.e.p.PluginsService     ] [22N5-W8] loaded module [reindex]
[2019-03-12T00:36:35,297][INFO ][o.e.p.PluginsService     ] [22N5-W8] loaded module [transport-netty3]
[2019-03-12T00:36:35,297][INFO ][o.e.p.PluginsService     ] [22N5-W8] loaded module [transport-netty4]
[2019-03-12T00:36:35,297][INFO ][o.e.p.PluginsService     ] [22N5-W8] no plugins loaded
[2019-03-12T00:36:38,345][INFO ][o.e.n.Node               ] initialized
[2019-03-12T00:36:38,349][INFO ][o.e.n.Node               ] [22N5-W8] starting ...
[2019-03-12T00:36:38,973][INFO ][o.e.t.TransportService   ] [22N5-W8] publish_address {127.0.0.1:9300}, bound_addresses {127.0.0.1:9300}, {[::1]:9300}
[2019-03-12T00:36:43,060][INFO ][o.e.c.s.ClusterService   ] [22N5-W8] new_master {22N5-W8}{22N5-W87SESN9dmtoPkHIw}{mHCixT8fSZap16OLZ9IkUg}{127.0.0.1}{127.0.0.1:9300}, reason: zen-disco-elected-as-master ([0] nodes joined)
[2019-03-12T00:36:43,480][INFO ][o.e.g.GatewayService     ] [22N5-W8] recovered [1] indices into cluster_state
[2019-03-12T00:36:44,016][INFO ][o.e.h.HttpServer         ] [22N5-W8] publish_address {127.0.0.1:9200}, bound_addresses {127.0.0.1:9200}, {[::1]:9200}
[2019-03-12T00:36:44,020][INFO ][o.e.n.Node               ] [22N5-W8] started
[2019-03-12T00:36:44,092][INFO ][o.e.c.r.a.AllocationService] [22N5-W8] Cluster health status changed from [RED] to [YELLOW] (reason: [shards started [[tweetindex][4]] ...]).
[2019-03-12T00:37:13,113][INFO ][o.e.c.r.a.DiskThresholdMonitor] [22N5-W8] low disk watermark [85%] exceeded on [22N5-W87SESN9dmtoPkHIw][22N5-W8][C:\Users\Thomas\Documents\CS172\Final-Project\finalproject-4man\elasticsearch\elasticsearch-5.1.1\data\nodes\0] free: 22.8gb[11.7%], replicas will not be assigned to this node
[2019-03-12T00:37:43,134][INFO ][o.e.c.r.a.DiskThresholdMonitor] [22N5-W8] low disk watermark [85%] exceeded on [22N5-W87SESN9dmtoPkHIw][22N5-W8][C:\Users\Thomas\Documents\CS172\Final-Project\finalproject-4man\elasticsearch\elasticsearch-5.1.1\data\nodes\0] free: 22.8gb[11.7%], replicas will not be assigned to this node
[2019-03-12T00:38:13,143][INFO ][o.e.c.r.a.DiskThresholdMonitor] [22N5-W8] low disk watermark [85%] exceeded on [22N5-W87SESN9dmtoPkHIw][22N5-W8][C:\Users\Thomas\Documents\CS172\Final-Project\finalproject-4man\elasticsearch\elasticsearch-5.1.1\data\nodes\0] free: 22.8gb[11.7%], replicas will not be assigned to this node
[2019-03-12T00:38:43,158][INFO ][o.e.c.r.a.DiskThresholdMonitor] [22N5-W8] low disk watermark [85%] exceeded on [22N5-W87SESN9dmtoPkHIw][22N5-W8][C:\Users\Thomas\Documents\CS172\Final-Project\finalproject-4man\elasticsearch\elasticsearch-5.1.1\data\nodes\0] free: 22.8gb[11.7%], replicas will not be assigned to this node
[2019-03-12T00:39:13,179][INFO ][o.e.c.r.a.DiskThresholdMonitor] [22N5-W8] low disk watermark [85%] exceeded on [22N5-W87SESN9dmtoPkHIw][22N5-W8][C:\Users\Thomas\Documents\CS172\Final-Project\finalproject-4man\elasticsearch\elasticsearch-5.1.1\data\nodes\0] free: 22.8gb[11.7%], replicas will not be assigned to this node
[2019-03-12T00:39:43,199][INFO ][o.e.c.r.a.DiskThresholdMonitor] [22N5-W8] low disk watermark [85%] exceeded on [22N5-W87SESN9dmtoPkHIw][22N5-W8][C:\Users\Thomas\Documents\CS172\Final-Project\finalproject-4man\elasticsearch\elasticsearch-5.1.1\data\nodes\0] free: 22.8gb[11.7%], replicas will not be assigned to this node
[2019-03-12T00:40:13,217][INFO ][o.e.c.r.a.DiskThresholdMonitor] [22N5-W8] low disk watermark [85%] exceeded on [22N5-W87SESN9dmtoPkHIw][22N5-W8][C:\Users\Thomas\Documents\CS172\Final-Project\finalproject-4man\elasticsearch\elasticsearch-5.1.1\data\nodes\0] free: 22.8gb[11.7%], replicas will not be assigned to this node
[2019-03-12T00:40:43,236][INFO ][o.e.c.r.a.DiskThresholdMonitor] [22N5-W8] low disk watermark [85%] exceeded on [22N5-W87SESN9dmtoPkHIw][22N5-W8][C:\Users\Thomas\Documents\CS172\Final-Project\finalproject-4man\elasticsearch\elasticsearch-5.1.1\data\nodes\0] free: 22.8gb[11.7%], replicas will not be assigned to this node
[2019-03-12T00:41:13,257][INFO ][o.e.c.r.a.DiskThresholdMonitor] [22N5-W8] low disk watermark [85%] exceeded on [22N5-W87SESN9dmtoPkHIw][22N5-W8][C:\Users\Thomas\Documents\CS172\Final-Project\finalproject-4man\elasticsearch\elasticsearch-5.1.1\data\nodes\0] free: 22.8gb[11.7%], replicas will not be assigned to this node
[2019-03-12T00:41:43,296][INFO ][o.e.c.r.a.DiskThresholdMonitor] [22N5-W8] low disk watermark [85%] exceeded on [22N5-W87SESN9dmtoPkHIw][22N5-W8][C:\Users\Thomas\Documents\CS172\Final-Project\finalproject-4man\elasticsearch\elasticsearch-5.1.1\data\nodes\0] free: 22.8gb[11.7%], replicas will not be assigned to this node
[2019-03-12T00:42:13,304][INFO ][o.e.c.r.a.DiskThresholdMonitor] [22N5-W8] low disk watermark [85%] exceeded on [22N5-W87SESN9dmtoPkHIw][22N5-W8][C:\Users\Thomas\Documents\CS172\Final-Project\finalproject-4man\elasticsearch\elasticsearch-5.1.1\data\nodes\0] free: 22.8gb[11.7%], replicas will not be assigned to this node
[2019-03-12T00:42:43,339][INFO ][o.e.c.r.a.DiskThresholdMonitor] [22N5-W8] low disk watermark [85%] exceeded on [22N5-W87SESN9dmtoPkHIw][22N5-W8][C:\Users\Thomas\Documents\CS172\Final-Project\finalproject-4man\elasticsearch\elasticsearch-5.1.1\data\nodes\0] free: 22.8gb[11.7%], replicas will not be assigned to this node
[2019-03-12T00:43:13,362][INFO ][o.e.c.r.a.DiskThresholdMonitor] [22N5-W8] low disk watermark [85%] exceeded on [22N5-W87SESN9dmtoPkHIw][22N5-W8][C:\Users\Thomas\Documents\CS172\Final-Project\finalproject-4man\elasticsearch\elasticsearch-5.1.1\data\nodes\0] free: 22.8gb[11.7%], replicas will not be assigned to this node
[2019-03-12T00:43:43,395][INFO ][o.e.c.r.a.DiskThresholdMonitor] [22N5-W8] low disk watermark [85%] exceeded on [22N5-W87SESN9dmtoPkHIw][22N5-W8][C:\Users\Thomas\Documents\CS172\Final-Project\finalproject-4man\elasticsearch\elasticsearch-5.1.1\data\nodes\0] free: 22.8gb[11.7%], replicas will not be assigned to this node
[2019-03-12T00:44:05,896][INFO ][o.e.b.Bootstrap          ] running graceful exit on windows
[2019-03-12T00:44:05,896][INFO ][o.e.n.Node               ] [22N5-W8] stopping ...
[2019-03-12T00:44:06,144][INFO ][o.e.n.Node               ] [22N5-W8] stopped
[2019-03-12T00:44:06,144][INFO ][o.e.n.Node               ] [22N5-W8] closing ...
[2019-03-12T00:44:06,159][INFO ][o.e.n.Node               ] [22N5-W8] closed
