[2019-03-11T23:54:26,050][INFO ][o.e.n.Node               ] [] initializing ...
[2019-03-11T23:54:26,171][INFO ][o.e.e.NodeEnvironment    ] [22N5-W8] using [1] data paths, mounts [[(C:)]], net usable_space [19.6gb], net total_space [223gb], spins? [unknown], types [NTFS]
[2019-03-11T23:54:26,171][INFO ][o.e.e.NodeEnvironment    ] [22N5-W8] heap size [1.9gb], compressed ordinary object pointers [true]
[2019-03-11T23:54:26,173][INFO ][o.e.n.Node               ] node name [22N5-W8] derived from node ID [22N5-W87SESN9dmtoPkHIw]; set [node.name] to override
[2019-03-11T23:54:26,174][INFO ][o.e.n.Node               ] version[5.1.1], pid[19464], build[5395e21/2016-12-06T12:36:15.409Z], OS[Windows 10/10.0/amd64], JVM[Oracle Corporation/Java HotSpot(TM) 64-Bit Server VM/1.8.0_171/25.171-b11]
[2019-03-11T23:54:26,839][INFO ][o.e.p.PluginsService     ] [22N5-W8] loaded module [aggs-matrix-stats]
[2019-03-11T23:54:26,839][INFO ][o.e.p.PluginsService     ] [22N5-W8] loaded module [ingest-common]
[2019-03-11T23:54:26,839][INFO ][o.e.p.PluginsService     ] [22N5-W8] loaded module [lang-expression]
[2019-03-11T23:54:26,840][INFO ][o.e.p.PluginsService     ] [22N5-W8] loaded module [lang-groovy]
[2019-03-11T23:54:26,840][INFO ][o.e.p.PluginsService     ] [22N5-W8] loaded module [lang-mustache]
[2019-03-11T23:54:26,840][INFO ][o.e.p.PluginsService     ] [22N5-W8] loaded module [lang-painless]
[2019-03-11T23:54:26,840][INFO ][o.e.p.PluginsService     ] [22N5-W8] loaded module [percolator]
[2019-03-11T23:54:26,840][INFO ][o.e.p.PluginsService     ] [22N5-W8] loaded module [reindex]
[2019-03-11T23:54:26,841][INFO ][o.e.p.PluginsService     ] [22N5-W8] loaded module [transport-netty3]
[2019-03-11T23:54:26,842][INFO ][o.e.p.PluginsService     ] [22N5-W8] loaded module [transport-netty4]
[2019-03-11T23:54:26,842][INFO ][o.e.p.PluginsService     ] [22N5-W8] no plugins loaded
[2019-03-11T23:54:28,324][INFO ][o.e.n.Node               ] initialized
[2019-03-11T23:54:28,324][INFO ][o.e.n.Node               ] [22N5-W8] starting ...
[2019-03-11T23:54:29,295][INFO ][o.e.t.TransportService   ] [22N5-W8] publish_address {127.0.0.1:9300}, bound_addresses {127.0.0.1:9300}, {[::1]:9300}
[2019-03-11T23:54:33,345][INFO ][o.e.c.s.ClusterService   ] [22N5-W8] new_master {22N5-W8}{22N5-W87SESN9dmtoPkHIw}{pBCrlQurTLiNiD5nHL1YVQ}{127.0.0.1}{127.0.0.1:9300}, reason: zen-disco-elected-as-master ([0] nodes joined)
[2019-03-11T23:54:33,384][INFO ][o.e.g.GatewayService     ] [22N5-W8] recovered [0] indices into cluster_state
[2019-03-11T23:54:33,694][INFO ][o.e.h.HttpServer         ] [22N5-W8] publish_address {127.0.0.1:9200}, bound_addresses {127.0.0.1:9200}, {[::1]:9200}
[2019-03-11T23:54:33,694][INFO ][o.e.n.Node               ] [22N5-W8] started
[2019-03-11T23:55:03,376][WARN ][o.e.c.r.a.DiskThresholdMonitor] [22N5-W8] high disk watermark [90%] exceeded on [22N5-W87SESN9dmtoPkHIw][22N5-W8][C:\Users\lieta\Documents\CS172\Final Project\finalproject-4man\elasticsearch\elasticsearch-5.1.1\data\nodes\0] free: 19.6gb[8.7%], shards will be relocated away from this node
[2019-03-11T23:55:03,377][INFO ][o.e.c.r.a.DiskThresholdMonitor] [22N5-W8] rerouting shards: [high disk watermark exceeded on one or more nodes]
[2019-03-11T23:55:33,382][WARN ][o.e.c.r.a.DiskThresholdMonitor] [22N5-W8] high disk watermark [90%] exceeded on [22N5-W87SESN9dmtoPkHIw][22N5-W8][C:\Users\lieta\Documents\CS172\Final Project\finalproject-4man\elasticsearch\elasticsearch-5.1.1\data\nodes\0] free: 19.5gb[8.7%], shards will be relocated away from this node
[2019-03-11T23:56:03,384][WARN ][o.e.c.r.a.DiskThresholdMonitor] [22N5-W8] high disk watermark [90%] exceeded on [22N5-W87SESN9dmtoPkHIw][22N5-W8][C:\Users\lieta\Documents\CS172\Final Project\finalproject-4man\elasticsearch\elasticsearch-5.1.1\data\nodes\0] free: 19.4gb[8.7%], shards will be relocated away from this node
[2019-03-11T23:56:03,385][INFO ][o.e.c.r.a.DiskThresholdMonitor] [22N5-W8] rerouting shards: [high disk watermark exceeded on one or more nodes]
[2019-03-11T23:56:33,387][WARN ][o.e.c.r.a.DiskThresholdMonitor] [22N5-W8] high disk watermark [90%] exceeded on [22N5-W87SESN9dmtoPkHIw][22N5-W8][C:\Users\lieta\Documents\CS172\Final Project\finalproject-4man\elasticsearch\elasticsearch-5.1.1\data\nodes\0] free: 19.3gb[8.6%], shards will be relocated away from this node
[2019-03-11T23:57:03,389][WARN ][o.e.c.r.a.DiskThresholdMonitor] [22N5-W8] high disk watermark [90%] exceeded on [22N5-W87SESN9dmtoPkHIw][22N5-W8][C:\Users\lieta\Documents\CS172\Final Project\finalproject-4man\elasticsearch\elasticsearch-5.1.1\data\nodes\0] free: 19.3gb[8.6%], shards will be relocated away from this node
[2019-03-11T23:57:03,389][INFO ][o.e.c.r.a.DiskThresholdMonitor] [22N5-W8] rerouting shards: [high disk watermark exceeded on one or more nodes]
[2019-03-11T23:57:33,391][WARN ][o.e.c.r.a.DiskThresholdMonitor] [22N5-W8] high disk watermark [90%] exceeded on [22N5-W87SESN9dmtoPkHIw][22N5-W8][C:\Users\lieta\Documents\CS172\Final Project\finalproject-4man\elasticsearch\elasticsearch-5.1.1\data\nodes\0] free: 19.3gb[8.6%], shards will be relocated away from this node
[2019-03-11T23:58:03,392][WARN ][o.e.c.r.a.DiskThresholdMonitor] [22N5-W8] high disk watermark [90%] exceeded on [22N5-W87SESN9dmtoPkHIw][22N5-W8][C:\Users\lieta\Documents\CS172\Final Project\finalproject-4man\elasticsearch\elasticsearch-5.1.1\data\nodes\0] free: 19.3gb[8.6%], shards will be relocated away from this node
[2019-03-11T23:58:03,393][INFO ][o.e.c.r.a.DiskThresholdMonitor] [22N5-W8] rerouting shards: [high disk watermark exceeded on one or more nodes]
[2019-03-11T23:58:33,395][WARN ][o.e.c.r.a.DiskThresholdMonitor] [22N5-W8] high disk watermark [90%] exceeded on [22N5-W87SESN9dmtoPkHIw][22N5-W8][C:\Users\lieta\Documents\CS172\Final Project\finalproject-4man\elasticsearch\elasticsearch-5.1.1\data\nodes\0] free: 19.3gb[8.6%], shards will be relocated away from this node
[2019-03-11T23:59:03,396][WARN ][o.e.c.r.a.DiskThresholdMonitor] [22N5-W8] high disk watermark [90%] exceeded on [22N5-W87SESN9dmtoPkHIw][22N5-W8][C:\Users\lieta\Documents\CS172\Final Project\finalproject-4man\elasticsearch\elasticsearch-5.1.1\data\nodes\0] free: 19.3gb[8.6%], shards will be relocated away from this node
[2019-03-11T23:59:03,397][INFO ][o.e.c.r.a.DiskThresholdMonitor] [22N5-W8] rerouting shards: [high disk watermark exceeded on one or more nodes]
[2019-03-11T23:59:33,401][WARN ][o.e.c.r.a.DiskThresholdMonitor] [22N5-W8] high disk watermark [90%] exceeded on [22N5-W87SESN9dmtoPkHIw][22N5-W8][C:\Users\lieta\Documents\CS172\Final Project\finalproject-4man\elasticsearch\elasticsearch-5.1.1\data\nodes\0] free: 19.3gb[8.6%], shards will be relocated away from this node
